<?xml version="1.0" encoding="UTF-8"?>
<!-- Generated by org.testng.reporters.JUnitXMLReporter -->
<testsuite ignored="2" hostname="LAPTOP-8D00N1V0" failures="2" tests="4" name="Test" time="42.377" errors="0" timestamp="2020-11-24T15:35:28 IST">
  <testcase classname="TestPackage.LoginTest" name="LoginTest1" time="9.109"/>
  <testcase classname="TestPackage.LoginTest" name="LoginTest2" time="1.714">
    <failure type="java.lang.AssertionError">
      <![CDATA[java.lang.AssertionError
at org.junit.Assert.fail(Assert.java:92)
at org.junit.Assert.assertTrue(Assert.java:43)
at org.junit.Assert.assertTrue(Assert.java:54)
at TestPackage.LoginTest.LoginTest2(LoginTest.java:38)
at java.base/java.util.ArrayList.forEach(ArrayList.java:1511)
... Removed 27 stack frames]]>
    </failure>
  </testcase> <!-- LoginTest2 -->
  <testcase classname="TestPackage.HomeTest" name="searchtestforactive" time="9.074">
    <failure type="java.lang.AssertionError" message="expected [Active] but found [Enabled]">
      <![CDATA[java.lang.AssertionError: expected [Active] but found [Enabled]
at TestPackage.HomeTest.searchtestforactive(HomeTest.java:22)
at java.base/java.util.ArrayList.forEach(ArrayList.java:1511)
... Removed 33 stack frames]]>
    </failure>
  </testcase> <!-- searchtestforactive -->
  <testcase classname="TestPackage.HomeTest" name="searchtestforenabled" time="8.139"/>
  <testcase classname="utility.Baseclass" name="@BeforeTest beforeverytest" time="0.0">
    <ignored/>
  </testcase> <!-- @BeforeTest beforeverytest -->
  <testcase classname="utility.Baseclass" name="@AfterTest teardown" time="0.0">
    <ignored/>
  </testcase> <!-- @AfterTest teardown -->
</testsuite> <!-- Test -->
